#
# There is insufficient memory for the Java Runtime Environment to continue.
# Native memory allocation (mmap) failed to map 532676608 bytes for G1 virtual space
# Possible reasons:
#   The system is out of physical RAM or swap space
#   The process is running with CompressedOops enabled, and the Java Heap may be blocking the growth of the native heap
# Possible solutions:
#   Reduce memory load on the system
#   Increase physical memory or swap space
#   Check if swap backing store is full
#   Decrease Java heap size (-Xmx/-Xms)
#   Decrease number of Java threads
#   Decrease Java thread stack sizes (-Xss)
#   Set larger code cache with -XX:ReservedCodeCacheSize=
#   JVM is running with Zero Based Compressed Oops mode in which the Java heap is
#     placed in the first 32GB address space. The Java Heap base address is the
#     maximum limit for the native heap growth. Please use -XX:HeapBaseMinAddress
#     to set the Java Heap base and to place the Java Heap above 32GB virtual address.
# This output file may be truncated or incomplete.
#
#  Out of Memory Error (os_windows.cpp:3600), pid=23152, tid=17520
#
# JRE version:  (21.0+35) (build )
# Java VM: OpenJDK 64-Bit Server VM (21+35-2513, mixed mode, emulated-client, sharing, tiered, compressed oops, compressed class ptrs, g1 gc, windows-amd64)
# No core dump will be written. Minidumps are not enabled by default on client versions of Windows
#

---------------  S U M M A R Y ------------

Command Line: -XX:TieredStopAtLevel=1 -Dspring.output.ansi.enabled=always -Dcom.sun.management.jmxremote -Dspring.jmx.enabled=true -Dspring.liveBeansView.mbeanDomain -Dspring.application.admin.enabled=true -Dmanagement.endpoints.jmx.exposure.include=* -javaagent:C:\Program Files\JetBrains\IntelliJ IDEA 2025.1.3\lib\idea_rt.jar=61635 -Dfile.encoding=UTF-8 -Dsun.stdout.encoding=UTF-8 -Dsun.stderr.encoding=UTF-8 com.hdmbe.HdmBeApplication

Host: Intel(R) Xeon(R) W-2223 CPU @ 3.60GHz, 8 cores, 31G,  Windows 11 , 64 bit Build 26100 (10.0.26100.7019)
Time: Thu Nov 27 16:21:41 2025  Windows 11 , 64 bit Build 26100 (10.0.26100.7019) elapsed time: 1.098204 seconds (0d 0h 0m 1s)

---------------  T H R E A D  ---------------

Current thread (0x0000020e91307870):  JavaThread "Unknown thread" [_thread_in_vm, id=17520, stack(0x0000007094000000,0x0000007094100000) (1024K)]

Stack: [0x0000007094000000,0x0000007094100000]
Native frames: (J=compiled Java code, j=interpreted, Vv=VM code, C=native code)
V  [jvm.dll+0x6c8d39]
V  [jvm.dll+0x854091]
V  [jvm.dll+0x85630e]
V  [jvm.dll+0x8569e3]
V  [jvm.dll+0x2809a6]
V  [jvm.dll+0x6c5425]
V  [jvm.dll+0x6b9e1a]
V  [jvm.dll+0x3555ba]
V  [jvm.dll+0x35d206]
V  [jvm.dll+0x3adf6e]
V  [jvm.dll+0x3ae218]
V  [jvm.dll+0x328fcc]
V  [jvm.dll+0x329b5b]
V  [jvm.dll+0x81c699]
V  [jvm.dll+0x3bb2a1]
V  [jvm.dll+0x805688]
V  [jvm.dll+0x44ed9e]
V  [jvm.dll+0x4506a1]
C  [jli.dll+0x52a3]
C  [ucrtbase.dll+0x37b0]
C  [KERNEL32.DLL+0x2e8d7]
C  [ntdll.dll+0x8c53c]


---------------  P R O C E S S  ---------------

Threads class SMR info:
_java_thread_list=0x00007ffe81a67b48, length=0, elements={
}

Java Threads: ( => current thread )
Total: 0

Other Threads:
  0x0000020ea8a10780 WorkerThread "GC Thread#0"                     [id=22060, stack(0x0000007094100000,0x0000007094200000) (1024K)]
  0x0000020e9183a360 ConcurrentGCThread "G1 Main Marker"            [id=15424, stack(0x0000007094200000,0x0000007094300000) (1024K)]
  0x0000020e9183b510 WorkerThread "G1 Conc#0"                       [id=12592, stack(0x0000007094300000,0x0000007094400000) (1024K)]

[error occurred during error reporting (printing all threads), id 0xc0000005, EXCEPTION_ACCESS_VIOLATION (0xc0000005) at pc=0x00007ffe811dc097]
VM state: not at safepoint (not fully initialized)

VM Mutex/Monitor currently owned by a thread:  ([mutex/lock_event])
[0x00007ffe81ad8648] Heap_lock - owner thread: 0x0000020e91307870

Heap address: 0x0000000604c00000, size: 8116 MB, Compressed Oops mode: Zero based, Oop shift amount: 3

CDS archive(s) mapped at: [0x0000000000000000-0x0000000000000000-0x0000000000000000), size 0, SharedBaseAddress: 0x0000000800000000, ArchiveRelocationMode: 1.
Narrow klass base: 0x0000000000000000, Narrow klass shift: 0, Narrow klass range: 0x0

GC Precious Log:
 CardTable entry size: 512
 Card Set container configuration: InlinePtr #cards 4 size 8 Array Of Cards #cards 32 size 80 Howl #buckets 8 coarsen threshold 7372 Howl Bitmap #cards 1024 size 144 coarsen threshold 921 Card regions per heap region 1 cards per card region 8192

Heap:
 garbage-first heap   total 0K, used 0K [0x0000000604c00000, 0x0000000800000000)
  region size 4096K, 0 young (0K), 0 survivors (0K)

[error occurred during error reporting (printing heap information), id 0xc0000005, EXCEPTION_ACCESS_VIOLATION (0xc0000005) at pc=0x00007ffe815c1939]
GC Heap History (0 events):
No events

Dll operation events (1 events):
Event: 0.013 Loaded shared library C:\Program Files\Java\jdk-21\bin\java.dll

Deoptimization events (0 events):
No events

Classes loaded (0 events):
No events

Classes unloaded (0 events):
No events

Classes redefined (0 events):
No events

Internal exceptions (0 events):
No events

ZGC Phase Switch (0 events):
No events

VM Operations (0 events):
No events

Events (0 events):
No events


Dynamic libraries:
0x00007ff665410000 - 0x00007ff66541e000 	C:\Program Files\Java\jdk-21\bin\java.exe
0x00007fff23de0000 - 0x00007fff24048000 	C:\WINDOWS\SYSTEM32\ntdll.dll
0x00007fff222e0000 - 0x00007fff223a9000 	C:\WINDOWS\System32\KERNEL32.DLL
0x00007fff21590000 - 0x00007fff21988000 	C:\WINDOWS\System32\KERNELBASE.dll
0x00007fff210a0000 - 0x00007fff211eb000 	C:\WINDOWS\System32\ucrtbase.dll
0x00007fff1c010000 - 0x00007fff1c02b000 	C:\Program Files\Java\jdk-21\bin\VCRUNTIME140.dll
0x00007fff0e720000 - 0x00007fff0e738000 	C:\Program Files\Java\jdk-21\bin\jli.dll
0x00007fff22620000 - 0x00007fff227e7000 	C:\WINDOWS\System32\USER32.dll
0x00007fff21a20000 - 0x00007fff21a47000 	C:\WINDOWS\System32\win32u.dll
0x00007fff0a9a0000 - 0x00007fff0ac34000 	C:\WINDOWS\WinSxS\amd64_microsoft.windows.common-controls_6595b64144ccf1df_6.0.26100.7019_none_3e06ffa0e335b8a8\COMCTL32.dll
0x00007fff223b0000 - 0x00007fff223db000 	C:\WINDOWS\System32\GDI32.dll
0x00007fff21a50000 - 0x00007fff21b7c000 	C:\WINDOWS\System32\gdi32full.dll
0x00007fff22870000 - 0x00007fff22919000 	C:\WINDOWS\System32\msvcrt.dll
0x00007fff212a0000 - 0x00007fff21343000 	C:\WINDOWS\System32\msvcp_win.dll
0x00007fff227f0000 - 0x00007fff22821000 	C:\WINDOWS\System32\IMM32.DLL
0x00007fff0e710000 - 0x00007fff0e71c000 	C:\Program Files\Java\jdk-21\bin\vcruntime140_1.dll
0x00007fff0d5e0000 - 0x00007fff0d66e000 	C:\Program Files\Java\jdk-21\bin\msvcp140.dll
0x00007ffe80ea0000 - 0x00007ffe81bb3000 	C:\Program Files\Java\jdk-21\bin\server\jvm.dll
0x00007fff23690000 - 0x00007fff23744000 	C:\WINDOWS\System32\ADVAPI32.dll
0x00007fff22930000 - 0x00007fff229d6000 	C:\WINDOWS\System32\sechost.dll
0x00007fff23c80000 - 0x00007fff23d98000 	C:\WINDOWS\System32\RPCRT4.dll
0x00007fff22430000 - 0x00007fff224a4000 	C:\WINDOWS\System32\WS2_32.dll
0x00007fff1a700000 - 0x00007fff1a70b000 	C:\WINDOWS\SYSTEM32\VERSION.dll
0x00007fff15e60000 - 0x00007fff15e95000 	C:\WINDOWS\SYSTEM32\WINMM.dll
0x00007fff20930000 - 0x00007fff2098e000 	C:\WINDOWS\SYSTEM32\POWRPROF.dll
0x00007fff20910000 - 0x00007fff20924000 	C:\WINDOWS\SYSTEM32\UMPDC.dll
0x00007fff1fcf0000 - 0x00007fff1fd0b000 	C:\WINDOWS\SYSTEM32\kernel.appcore.dll
0x00007fff0e700000 - 0x00007fff0e70a000 	C:\Program Files\Java\jdk-21\bin\jimage.dll
0x00007fff0b4c0000 - 0x00007fff0b702000 	C:\WINDOWS\SYSTEM32\DBGHELP.DLL
0x00007fff23300000 - 0x00007fff2368b000 	C:\WINDOWS\System32\combase.dll
0x00007fff229e0000 - 0x00007fff22ab7000 	C:\WINDOWS\System32\OLEAUT32.dll
0x00007fff06e70000 - 0x00007fff06eac000 	C:\WINDOWS\SYSTEM32\dbgcore.DLL
0x00007fff211f0000 - 0x00007fff21295000 	C:\WINDOWS\System32\bcryptPrimitives.dll
0x00007fff0e6f0000 - 0x00007fff0e6ff000 	C:\Program Files\Java\jdk-21\bin\instrument.dll
0x00007fff0d8d0000 - 0x00007fff0d8ef000 	C:\Program Files\Java\jdk-21\bin\java.dll

dbghelp: loaded successfully - version: 4.0.5 - missing functions: none
symbol engine: initialized successfully - sym options: 0x614 - pdb path: .;C:\Program Files\Java\jdk-21\bin;C:\WINDOWS\SYSTEM32;C:\WINDOWS\WinSxS\amd64_microsoft.windows.common-controls_6595b64144ccf1df_6.0.26100.7019_none_3e06ffa0e335b8a8;C:\Program Files\Java\jdk-21\bin\server

VM Arguments:
jvm_args: -XX:TieredStopAtLevel=1 -Dspring.output.ansi.enabled=always -Dcom.sun.management.jmxremote -Dspring.jmx.enabled=true -Dspring.liveBeansView.mbeanDomain -Dspring.application.admin.enabled=true -Dmanagement.endpoints.jmx.exposure.include=* -javaagent:C:\Program Files\JetBrains\IntelliJ IDEA 2025.1.3\lib\idea_rt.jar=61635 -Dfile.encoding=UTF-8 -Dsun.stdout.encoding=UTF-8 -Dsun.stderr.encoding=UTF-8 
java_command: com.hdmbe.HdmBeApplication
java_class_path (initial): C:\Users\codehows\Desktop\3M-BMS\HDM\hdm-be\build\classes\java\main;C:\Users\codehows\Desktop\3M-BMS\HDM\hdm-be\build\resources\main;C:\Users\codehows\.gradle\caches\modules-2\files-2.1\org.projectlombok\lombok\1.18.42\8365263844ebb62398e0dc33057ba10ba472d3b8\lombok-1.18.42.jar;C:\Users\codehows\.gradle\caches\modules-2\files-2.1\org.springframework.boot\spring-boot-starter-web\4.0.0\af3eb0d0dd4eef83629787c189342dbe17db3e6\spring-boot-starter-web-4.0.0.jar;C:\Users\codehows\.gradle\caches\modules-2\files-2.1\org.springframework.boot\spring-boot-starter-data-jpa\4.0.0\99a0eca30d43367252c47da3487d73eeb8348de9\spring-boot-starter-data-jpa-4.0.0.jar;C:\Users\codehows\.gradle\caches\modules-2\files-2.1\org.springframework.boot\spring-boot-starter-validation\4.0.0\252ccb5edaad81458f485b6f8fd4f56b7240183e\spring-boot-starter-validation-4.0.0.jar;C:\Users\codehows\.gradle\caches\modules-2\files-2.1\org.springframework.boot\spring-boot-starter-jackson\4.0.0\d07fc644068b91bce67cf885354829722ef83747\spring-boot-starter-jackson-4.0.0.jar;C:\Users\codehows\.gradle\caches\modules-2\files-2.1\org.springframework.boot\spring-boot-starter-tomcat\4.0.0\aaea22cadb0fb20b02d8ad5c687e6706d746917\spring-boot-starter-tomcat-4.0.0.jar;C:\Users\codehows\.gradle\caches\modules-2\files-2.1\org.springframework.boot\spring-boot-http-converter\4.0.0\1fde20003c5fa88ac3feecbfa315b0ab3cc53b0c\spring-boot-http-converter-4.0.0.jar;C:\Users\codehows\.gradle\caches\modules-2\files-2.1\org.springframework.boot\spring-boot-webmvc\4.0.0\35fdec70f3a33fb7574c866cb02f1a5caab0b2b5\spring-boot-webmvc-4.0.0.jar;C:\Users\codehows\.gradle\caches\modules-2\files-2.1\org.springframework.boot\spring-boot-starter-jdbc\4.0.0\caccf2e24064ac9b76520639b3deff30f60bd86e\spring-boot-starter-jdbc-4.0.0.jar;C:\Users\codehows\.gradle\caches\modules-2\files-2.1\org.springframework.boot\spring-boot-starter\4.0.0\21b8df99b718ba756ad4e20458c59e801865d6e8\spring-boot-starter-4.0.0.jar;C:\Users\codehows\.gradle\caches\modules-2\files-2.1\org.springframework.boot\spring-boot-data-jpa\4.0.0\11ea418c8e230c94a31613b4b0eb079be897d98\spring-boot-data-jpa-4.0.0.jar;C:\Users\codehows\.gradle\caches\modules-2\files-2.1\org.springframework.boot\spring-boot-jdbc\4.0.0\72d2a7541ee7864c0e52cc3da44ac31b6f948487\spring-boot-jdbc-4.0.0.jar;C:\Users\codehows\.gradle\caches\modules-2\files-2.1\org.springframework.boot\spring-boot-validation\4.0.0\4f1f7c0523a7bdf7a914bb6a640f3dd4695e7d09\spring-boot-validation-4.0.0.jar;C:\Users\codehows\.gradle\caches\modules-2\files-2.1\org.springframework.boot\spring-boot-jackson\4.0.0\ce6c55e2dc62422bf57ce38692b6a8adcd31aa13\spring-boot-jackson-4.0.0.jar;C:\Users\codehows\.gradle\caches\modules-2\files-2.1\org.springframework.boot\spring-boot-starter-tomcat-runtime\4.0.0\ba52ff921cf2eb1aef27a166ecdee32381f582d6\spring-boot-starter-tomcat-runtime-4.0.0.jar;C:\Users\codehows\.gradle\caches\modules-2\files-2.1\org.springframework.boot\spring-boot-tomcat\4.0.0\6934f17a5f57aa367df84c42b0a54653ba30cb3b\spring-boot-tomcat-4.0.0.jar;C:\Users\codehows\.gradle\caches\modules-2\files-2.1\org.springframework.boot\spring-boot\4.0.0\92d3fdafcd16e3ffb8fb48a51cff98b5dd6c0432\spring-boot-4.0.0.jar;C:\Users\codehows\.gradle\caches\modules-2\files-2.1\org.springframework\spring-web\7.0.1\5b43495ea93d89fe8ba2ce4affbd75f98f5d2226\spring-web-7.0.1.jar;C:\Users\codehows\.gradle\caches\modules-2\files-2.1\org.springframework.boot\spring-boot-servlet\4.0.0\c7b38fa78af0c018827bd389d207f5bb38e4e019\spring-boot-servlet-4.0.0.jar;C:\Users\codehows\.gradle\caches\modules-2\files-2.1\org.springframework\spring-webmvc\7.0.1\3ac2691f50b9c98e22e23c65522e54fa1e3042b3\spring-webmvc-7.0.1.jar;C:\Users\codehows\.gradle\caches\modules-2\files-2.1\com.zaxxer\HikariCP\7.0.2\c2b43c946b86a14a96342379e22b004c56c6166d\HikariCP-7.0.2.jar;C:\Users\codehows\.gradle\caches\modules-2\files-2.1\org.springframework.boot\spring-boot-autoconfigure\4.0.0\5348987fff66867326396839a066e0c2e52ee989\spring-boot-autoconfigure-4.0.0.jar;C:\Users\codehows\.gradle\caches\modules-2\files-2.1\org.springframework.boot\spring-boot-starter-logging\4.0.0\82de562895828f2cdb91284d3f66458c800bfb5d\spring-boot-starter-logging-4.0.0.jar;C:\Users\codehows\.gradle\caches\modules-2\files-2.1\jakarta.annotation\jakarta.annotation-api\3.0.0\54f928fadec906a99d558536756d171917b9d936\jakarta.annotation-api-3.0.0.jar;C:\Users\codehows\.gradle\caches\modules-2\files-2.1\org.yaml\snakeyaml\2.5\2d53ddec134280cb384c1e35d094e5f71c1f2316\snakeyaml-2.5.jar;C:\Users\codehows\.gradle\caches\modules-2\files-2.1\org.springframework.boot\spring-boot-hibernate\4.0.0\f7d3969e5149722daa273d10dff0dd7f6eb0a550\spring-boot-hibernate-4.0.0.jar;C:\Users\codehows\.gradle\caches\modules-2\files-2.1\org.springframework.boot\spring-boot-data-commons\4.0.0\a9e102f4ee6277954e1451683d7b506d682ebb85\spring-boot-data-commons-4.0.0.jar;C:\Users\codehows\.gradle\caches\modules-2\files-2.1\org.springframework.data\spring-data-jpa\4.0.0\8ae6cfd8c5a0001597385cc47dfed30c0e6c6cf5\spring-data-jpa-4.0.0.jar;C:\Users\codehows\.gradle\caches\modules-2\files-2.1\org.springframework\spring-aspects\7.0.1\f7ff5961bc05b2758b10b984a1ccfc468e58e5d6\spring-aspects-7.0.1.jar;C:\Users\codehows\.gradle\caches\modules-2\files-2.1\org.springframework.boot\spring-boot-sql\4.0.0\bd5b8cca5076990ee96a82f624f4a929542cec9\spring-boot-sql-4.0.0.jar;C:\Users\codehows\.gradle\caches\modules-2\files-2.1\org.springframework.boot\spring-boot-transaction\4.0.0\8d737388a488ae2e6f6b0492750e883bf55f2021\spring-boot-transaction-4.0.0.jar;C:\Users\codehows\.gradle\caches\modules-2\files-2.1\org.springframework\spring-jdbc\7.0.1\aa29287fc88299e23b9dcec9251a7a4a70e46248\spring-jdbc-7.0.1.jar;C:\Users\codehows\.gradle\caches\modules-2\files-2.1\org.apache.tomcat.embed\tomcat-embed-el\11.0.14\4d916bf47c7547b5aee58197485ae886439fa358\tomcat-embed-el-11.0.14.jar;C:\Users\codehows\.gradle\caches\modules-2\files-2.1\org.hibernate.validator\hibernate-validator\9.0.1.Final\28c0e41ecc84d1f0b8b6d81d16e0784e63364e68\hibernate-validator-9.0.1.Final.jar;C:\Users\codehows\.gradle\caches\modules-2\files-2.1\tools.jackson.core\jackson-databind\3.0.2\a72d3b8a1c36c166df13726b13d34877f6ea9b1c\jackson-databind-3.0.2.jar;C:\Users\codehows\.gradle\caches\modules-2\files-2.1\org.springframework.boot\spring-boot-web-server\4.0.0\2289b961ed87261801524f9486aac77d1c1dc985\spring-boot-web-server-4.0.0.jar;C:\Users\codehows\.gradle\caches\modules-2\files-2.1\org.apache.tomcat.embed\tomcat-embed-websocket\11.0.14\429942c9fa94814a58d41d87bab9f38df2f35308\tomcat-embed-websocket-11.0.14.jar;C:\Users\codehows\.gradle\caches\modules-2\files-2.1\org.apache.tomcat.embed\tomcat-embed-core\11.0.14\a1230635634de5ffb66d1a3e3319bc9986d700b2\tomcat-embed-core-11.0.14.jar;C:\Users\codehows\.gradle\caches\modules-2\files-2.1\org.springframework\spring-context\7.0.1\c75dc812b47a9d6b23568448fbb4518af795bc9e\spring-context-7.0.1.jar;C:\Users\codehows\.gradle\caches\modules-2\files-2.1\org.springframework\spring-core\7.0.1\a885a444df1d0777989ec11df84eb3e8e7eee2cd\spring-core-7.0.1.jar;C:\Users\codehows\.gradle\caches\modules-2\files-2.1\org.springframework\spring-beans\7.0.1\4ac0dd2d2b27f636385a77a3b40c8597aef8ec06\spring-beans-7.0.1.jar;C:\Users\codehows\.gradle\caches\modules-2\files-2.1\io.micrometer\micrometer-observation\1.16.0\3dc3a2bec5121417b638191b1f3aed16c9764667\micrometer-observation-1.16.0.jar;C:\Users\codehows\.gradle\caches\modules-2\files-2.1\org.springframework\spring-aop\7.0.1\20cd632e7fc2fb98f292e9bda0418e725caa0070\spring-aop-7.0.1.jar;C:\Users\codehows\.gradle\caches\modules-2\files-2.1\org.springframework\spring-expression\7.0.1\e094d34f17777125adcb01ed5778075aa876c8e6\spring-expression-7.0.1.jar;C:\Users\codehows\.gradle\caches\modules-2\files-2.1\org.slf4j\slf4j-api\2.0.17\d9e58ac9c7779ba3bf8142aff6c830617a7fe60f\slf4j-api-2.0.17.jar;C:\Users\codehows\.gradle\caches\modules-2\files-2.1\ch.qos.logback\logback-classic\1.5.21\904915aa29a0bbff111ae90ed85541b2991a72fc\logback-classic-1.5.21.jar;C:\Users\codehows\.gradle\caches\modules-2\files-2.1\org.apache.logging.log4j\log4j-to-slf4j\2.25.2\3843798847a7623c1724a9522002233e14fcb0ff\log4j-to-slf4j-2.25.2.jar;C:\Users\codehows\.gradle\caches\modules-2\files-2.1\org.slf4j\jul-to-slf4j\2.0.17\524cb6ccc2b68a57604750e1ab8b13b5a786a6aa\jul-to-slf4j-2.0.17.jar;C:\Users\codehows\.gradle\caches\modules-2\files-2.1\org.springframework.boot\spring-boot-jpa\4.0.0\f94bb13dd5900631e7f1011b261e6265fc6f79dd\spring-boot-jpa-4.0.0.jar;C:\Users\codehows\.gradle\caches\modules-2\files-2.1\org.springframework\spring-orm\7.0.1\3ef07b57dfcb2fde25229c8dcb1bb65ffa31617a\spring-orm-7.0.1.jar;C:\Users\codehows\.gradle\caches\modules-2\files-2.1\org.hibernate.orm\hibernate-core\7.1.8.Final\57be444bca9f8a6091e9ed82c1cc14e57095664d\hibernate-core-7.1.8.Final.jar;C:\Users\codehows\.gradle\caches\modules-2\files-2.1\org.springframework.boot\spring-boot-persistence\4.0.0\ca621f8aaebb3578e648bd6fd4ca61a059a98ee2\spring-boot-persistence-4.0.0.jar;C:\Users\codehows\.gradle\caches\modules-2\files-2.1\org.springframework.data\spring-data-commons\4.0.0\1ae31f5ec98c9593dfd6a3a0eae7ec564d0d1ee1\spring-data-commons-4.0.0.jar;C:\Users\codehows\.gradle\caches\modules-2\files-2.1\org.springframework\spring-tx\7.0.1\61bae82733eec52847a6e0565898e00c2fe829a8\spring-tx-7.0.1.jar;C:\Users\codehows\.gradle\caches\modules-2\files-2.1\org.antlr\antlr4-runtime\4.13.2\fc3db6d844df652a3d5db31c87fa12757f13691d\antlr4-runtime-4.13.2.jar;C:\Users\codehows\.gradle\caches\modules-2\files-2.1\org.aspectj\aspectjweaver\1.9.25\4919d90e19bf8f0f33318c01c93ba92d9a354b21\aspectjweaver-1.9.25.jar;C:\Users\codehows\.gradle\caches\modules-2\files-2.1\jakarta.validation\jakarta.validation-api\3.1.1\ec8622148afc5564235d17af80ea80288d0e7f92\jakarta.validation-api-3.1.1.jar;C:\Users\codehows\.gradle\caches\modules-2\files-2.1\org.jboss.logging\jboss-logging\3.6.1.Final\886afbb445b4016a37c8960a7aef6ebd769ce7e5\jboss-logging-3.6.1.Final.jar;C:\Users\codehows\.gradle\caches\modules-2\files-2.1\com.fasterxml\classmate\1.7.1\e803194e4362a2c0585087c5f315682897d12f00\classmate-1.7.1.jar;C:\Users\codehows\.gradle\caches\modules-2\files-2.1\tools.jackson.core\jackson-core\3.0.2\620677db2f2085d59d916b0d6547bbaac7d6f674\jackson-core-3.0.2.jar;C:\Users\codehows\.gradle\caches\modules-2\files-2.1\com.fasterxml.jackson.core\jackson-annotations\2.20\6a5e7291ea3f2b590a7ce400adb7b3aea4d7e12c\jackson-annotations-2.20.jar;C:\Users\codehows\.gradle\caches\modules-2\files-2.1\commons-logging\commons-logging\1.3.5\a3fcc5d3c29b2b03433aa2d2f2d2c1b1638924a1\commons-logging-1.3.5.jar;C:\Users\codehows\.gradle\caches\modules-2\files-2.1\org.jspecify\jspecify\1.0.0\7425a601c1c7ec76645a78d22b8c6a627edee507\jspecify-1.0.0.jar;C:\Users\codehows\.gradle\caches\modules-2\files-2.1\io.micrometer\micrometer-commons\1.16.0\d45ae92945c59eecf485433923fa6a5cf9ce0dbe\micrometer-commons-1.16.0.jar;C:\Users\codehows\.gradle\caches\modules-2\files-2.1\ch.qos.logback\logback-core\1.5.21\970bf47cbc34d24e47f375b6b4e407d6d699474f\logback-core-1.5.21.jar;C:\Users\codehows\.gradle\caches\modules-2\files-2.1\org.apache.logging.log4j\log4j-api\2.25.2\292c1a2b1702f1e1e3adb13e1c57e5bff60335ff\log4j-api-2.25.2.jar;C:\Users\codehows\.gradle\caches\modules-2\files-2.1\biz.aQute.bnd\biz.aQute.bnd.annotation\7.1.0\2f2be18c936d08cf46ea6cfa0043f34afdf38705\biz.aQute.bnd.annotation-7.1.0.jar;C:\Users\codehows\.gradle\caches\modules-2\files-2.1\com.google.errorprone\error_prone_annotations\2.38.0\fc0ae991433e8590ba51cd558421478318a74c8c\error_prone_annotations-2.38.0.jar;C:\Users\codehows\.gradle\caches\modules-2\files-2.1\org.osgi\org.osgi.annotation.bundle\2.0.0\f5c2cd6e670c3c5d440d3003efd5ef2ead5c68eb\org.osgi.annotation.bundle-2.0.0.jar;C:\Users\codehows\.gradle\caches\modules-2\files-2.1\org.osgi\org.osgi.annotation.versioning\1.1.2\dc3cd4ec96c0b3c5459fe00694bd73a816ecf93e\org.osgi.annotation.versioning-1.1.2.jar;C:\Users\codehows\.gradle\caches\modules-2\files-2.1\com.github.spotbugs\spotbugs-annotations\4.8.6\1dcffed3e561ed32134a0dff4717f19bc2fdf4d8\spotbugs-annotations-4.8.6.jar;C:\Users\codehows\.gradle\caches\modules-2\files-2.1\jakarta.persistence\jakarta.persistence-api\3.2.0\bb75a113f3fa191c2c7ee7b206d8e674251b3129\jakarta.persistence-api-3.2.0.jar;C:\Users\codehows\.gradle\caches\modules-2\files-2.1\jakarta.transaction\jakarta.transaction-api\2.0.1\51a520e3fae406abb84e2e1148e6746ce3f80a1a\jakarta.transaction-api-2.0.1.jar;C:\Users\codehows\.gradle\caches\modules-2\files-2.1\org.osgi\org.osgi.resource\1.0.0\343c88949132984b3f2d4175a72c40b77dc65619\org.osgi.resource-1.0.0.jar;C:\Users\codehows\.gradle\caches\modules-2\files-2.1\org.osgi\org.osgi.service.serviceloader\1.0.0\3728ff37909c6a3c1870b3e851342d9f2bd3cc63\org.osgi.service.serviceloader-1.0.0.jar;C:\Users\codehows\.gradle\caches\modules-2\files-2.1\com.google.code.findbugs\jsr305\3.0.2\25ea2e8b0c338a877313bd4672d3fe056ea78f0d\jsr305-3.0.2.jar;C:\Users\codehows\.gradle\caches\modules-2\files-2.1\com.mysql\mysql-connector-j\9.5.0\64153d7488bbf25c040f3b0f004177bc05b36b22\mysql-connector-j-9.5.0.jar;C:\Users\codehows\.gradle\caches\modules-2\files-2.1\org.hibernate.models\hibernate-models\1.0.1\3158c5f9309494b905de62c72f6f02d108aea651\hibernate-models-1.0.1.jar;C:\Users\codehows\.gradle\caches\modules-2\files-2.1\net.bytebuddy\byte-buddy\1.17.8\af5735f63d00ca47a9375fae5c7471a36331c6ed\byte-buddy-1.17.8.jar;C:\Users\codehows\.gradle\caches\modules-2\files-2.1\org.glassfish.jaxb\jaxb-runtime\4.0.6\fb95ebb62564657b2fedfe165b859789ef3a8711\jaxb-runtime-4.0.6.jar;C:\Users\codehows\.gradle\caches\modules-2\files-2.1\jakarta.xml.bind\jakarta.xml.bind-api\4.0.4\d6d2327f3817d9a33a3b6b8f2e15a96bc2e7afdc\jakarta.xml.bind-api-4.0.4.jar;C:\Users\codehows\.gradle\caches\modules-2\files-2.1\jakarta.inject\jakarta.inject-api\2.0.1\4c28afe1991a941d7702fe1362c365f0a8641d1e\jakarta.inject-api-2.0.1.jar;C:\Users\codehows\.gradle\caches\modules-2\files-2.1\org.glassfish.jaxb\jaxb-core\4.0.6\8e61282303777fc98a00cc3affd0560d68748a75\jaxb-core-4.0.6.jar;C:\Users\codehows\.gradle\caches\modules-2\files-2.1\jakarta.activation\jakarta.activation-api\2.1.4\9e5c2a0d75dde71a0bedc4dbdbe47b78a5dc50f8\jakarta.activation-api-2.1.4.jar;C:\Users\codehows\.gradle\caches\modules-2\files-2.1\org.eclipse.angus\angus-activation\2.0.3\7f80607ea5014fef0b1779e6c33d63a88a45a563\angus-activation-2.0.3.jar;C:\Users\codehows\.gradle\caches\modules-2\files-2.1\org.glassfish.jaxb\txw2\4.0.6\4f4cd53b5ff9a2c5aa1211f15ed2569c57dfb044\txw2-4.0.6.jar;C:\Users\codehows\.gradle\caches\modules-2\files-2.1\com.sun.istack\istack-commons-runtime\4.1.2\18ec117c85f3ba0ac65409136afa8e42bc74e739\istack-commons-runtime-4.1.2.jar
Launcher Type: SUN_STANDARD

[Global flags]
     intx CICompilerCount                          = 4                                         {product} {ergonomic}
     uint ConcGCThreads                            = 2                                         {product} {ergonomic}
     uint G1ConcRefinementThreads                  = 8                                         {product} {ergonomic}
   size_t G1HeapRegionSize                         = 4194304                                   {product} {ergonomic}
    uintx GCDrainStackTargetSize                   = 64                                        {product} {ergonomic}
   size_t InitialHeapSize                          = 532676608                                 {product} {ergonomic}
     bool ManagementServer                         = true                                      {product} {command line}
   size_t MarkStackSize                            = 4194304                                   {product} {ergonomic}
   size_t MaxHeapSize                              = 8510242816                                {product} {ergonomic}
   size_t MinHeapDeltaBytes                        = 4194304                                   {product} {ergonomic}
   size_t MinHeapSize                              = 8388608                                   {product} {ergonomic}
    uintx NonNMethodCodeHeapSize                   = 4096                                   {pd product} {ergonomic}
    uintx NonProfiledCodeHeapSize                  = 0                                      {pd product} {ergonomic}
     bool ProfileInterpreter                       = false                                  {pd product} {command line}
    uintx ProfiledCodeHeapSize                     = 0                                      {pd product} {ergonomic}
   size_t SoftMaxHeapSize                          = 8510242816                             {manageable} {ergonomic}
     intx TieredStopAtLevel                        = 1                                         {product} {command line}
     bool UseCompressedOops                        = true                           {product lp64_product} {ergonomic}
     bool UseG1GC                                  = true                                      {product} {ergonomic}
     bool UseLargePagesIndividualAllocation        = false                                  {pd product} {ergonomic}

Logging:
Log output configuration:
 #0: stdout all=warning uptime,level,tags foldmultilines=false
 #1: stderr all=off uptime,level,tags foldmultilines=false

Environment Variables:
JAVA_HOME=C:\Program Files\java\jdk-21
PATH=C:\Program Files (x86)\VMware\VMware Workstation\bin\;C:\Program Files\java\jdk-21\bin;C:\WINDOWS\system32;C:\WINDOWS;C:\WINDOWS\System32\Wbem;C:\WINDOWS\System32\WindowsPowerShell\v1.0\;C:\WINDOWS\System32\OpenSSH\;C:\Program Files\dotnet\;C:\Program Files (x86)\Intel\Intel(R) Management Engine Components\DAL;C:\Program Files\Intel\Intel(R) Management Engine Components\DAL;C:\Program Files\nodejs\;C:\Program Files\Git\cmd;C:\Program Files\MySQL\MySQL Shell 8.0\bin\;C:\Users\codehows\AppData\Local\Microsoft\WindowsApps;C:\Users\codehows\AppData\Local\Programs\Microsoft VS Code\bin;C:\Program Files\JetBrains\IntelliJ IDEA 2025.1.3\bin;;C:\Users\codehows\AppData\Local\GitHubDesktop\bin;C:\Users\codehows\AppData\Roaming\npm
USERNAME=codehows
OS=Windows_NT
PROCESSOR_IDENTIFIER=Intel64 Family 6 Model 85 Stepping 7, GenuineIntel
TMP=C:\Users\codehows\AppData\Local\Temp
TEMP=C:\Users\codehows\AppData\Local\Temp




---------------  S Y S T E M  ---------------

OS:
 Windows 11 , 64 bit Build 26100 (10.0.26100.7019)
OS uptime: 3 days 5:42 hours

CPU: total 8 (initial active 8) (4 cores per cpu, 2 threads per core) family 6 model 85 stepping 7 microcode 0x5003707, cx8, cmov, fxsr, ht, mmx, 3dnowpref, sse, sse2, sse3, ssse3, sse4.1, sse4.2, popcnt, lzcnt, tsc, tscinvbit, avx, avx2, aes, erms, clmul, bmi1, bmi2, adx, avx512f, avx512dq, avx512cd, avx512bw, avx512vl, fma, vzeroupper, avx512_vnni, clflush, clflushopt, clwb, rdtscp, f16c
Processor Information for all 8 processors :
  Max Mhz: 3600, Current Mhz: 3600, Mhz Limit: 3600

Memory: 4k page, system-wide physical 32451M (7481M free)
TotalPageFile size 93201M (AvailPageFile size 378M)
current process WorkingSet (physical memory assigned to process): 13M, peak: 13M
current process commit charge ("private bytes"): 56M, peak: 564M

vm_info: OpenJDK 64-Bit Server VM (21+35-2513) for windows-amd64 JRE (21+35-2513), built on 2023-08-09T20:25:10Z by "mach5one" with MS VC++ 17.1 (VS2022)

END.
